2021-08-08 19:50:40:330 : ERROR vcfoundation::io::VCEndOfFile: WriteFile
race:    1 006B2232
   2 006A7910
   3 006B789C
   4 006B5C4D
   5 006B4F01
   6 006AD10B
   7 006C83AC
   8 75D3FA29
   9 76F67A7E
  10 76F67A4E

2021-08-08 19:50:42:837 : ERROR vcfoundation::io::VCEndOfFile: <End Of File>
race:    1 006B2232
   2 006B21D3
   3 006B8135
   4 006B7B65
   5 006B5C4D
   6 006B4F01
   7 006AD10B
   8 006C83AC
   9 75D3FA29
  10 76F67A7E
  11 76F67A4E

2021-08-08 19:50:57:528 : ERROR vcfoundation::io::VCEndOfFile: WriteFile
race:    1 006B2232
   2 006A7910
   3 006B789C
   4 006B5C4D
   5 006B4F01
   6 006AD10B
   7 006C83AC
   8 75D3FA29
   9 76F67A7E
  10 76F67A4E

